09-Nov-23 12:37:20 - INFO - Plan name: Response to Flood in Vietnam
09-Nov-23 12:37:34 - INFO - Plan location: Hanoi
09-Nov-23 12:37:48 - INFO - New plan is created. Plan id: 4
09-Nov-23 12:37:48 - INFO - Associated camp no: 6
13-Nov-23 16:08:53 - INFO - Plan name: 1
13-Nov-23 16:08:54 - INFO - Plan location: 1
13-Nov-23 16:09:10 - INFO - New plan is created. Plan id: 5
13-Nov-23 16:09:10 - INFO - Associated camp no: 7,8,9
13-Nov-23 16:23:10 - INFO - Plan name: 1
13-Nov-23 16:23:11 - INFO - Plan location: 1
13-Nov-23 16:24:03 - INFO - New plan is created. Plan id: 6
13-Nov-23 16:24:03 - INFO - Associated camp no: 10,11
13-Nov-23 16:41:28 - INFO - Plan name: 1
13-Nov-23 16:42:39 - INFO - Plan location: 1
15-Nov-23 11:33:53 - INFO - Admin id: 1
15-Nov-23 11:34:28 - INFO - Plan name: Response for Flood in Canada
15-Nov-23 11:34:47 - INFO - Admin id: 10
15-Nov-23 11:34:58 - INFO - Admin id: 11
15-Nov-23 11:37:40 - INFO - Admin id: 11
15-Nov-23 11:38:17 - INFO - Admin id: 1
15-Nov-23 11:38:58 - INFO - Admin id: 1
15-Nov-23 11:39:27 - INFO - Admin id: 1
15-Nov-23 11:41:31 - INFO - Admin id: 2
15-Nov-23 11:41:42 - INFO - Admin id: 11
15-Nov-23 11:44:51 - INFO - Admin id: 11
15-Nov-23 11:45:05 - INFO - Admin id: 12
15-Nov-23 11:49:19 - INFO - Admin id: 1
15-Nov-23 11:49:24 - INFO - Plan name:  
15-Nov-23 11:51:27 - INFO - Admin id: 1
15-Nov-23 11:51:31 - INFO - Plan name: w
15-Nov-23 11:52:05 - INFO - Admin id: 1
15-Nov-23 11:52:22 - INFO - Admin id: 1
15-Nov-23 11:52:40 - INFO - Plan name: Response to Flood in Mongolia
15-Nov-23 11:52:59 - INFO - Admin id: 1
15-Nov-23 11:53:16 - INFO - Plan name: Response to Flood in Mongolia
15-Nov-23 12:00:06 - INFO - Admin id: 1
15-Nov-23 12:00:23 - INFO - Plan name: Response to Flood in Mongolia
15-Nov-23 12:01:18 - INFO - Plan location: Ulaanbaatar
15-Nov-23 12:04:00 - INFO - Admin id: 1
15-Nov-23 12:04:07 - INFO - Plan name: response to flood in mongolia
15-Nov-23 12:04:17 - INFO - Plan location: ulaanbaatar
16-Nov-23 23:07:03 - INFO - Plan name: qqqq
16-Nov-23 23:07:41 - INFO - Plan name: www
17-Nov-23 10:12:44 - INFO - Plan name: Response to Flood in Mongolia
17-Nov-23 10:16:48 - INFO - Plan name: Response to Flood in Hungary
17-Nov-23 10:38:09 - INFO - Plan name: Response to FLood in Mongolia
17-Nov-23 10:38:29 - INFO - Plan name: Response to FLood in Mongolia
17-Nov-23 10:40:50 - INFO - Plan name: Response to Flood in Mongolia
17-Nov-23 10:43:05 - INFO - Plan name: Response to Flood in Mongolia
17-Nov-23 10:43:44 - INFO - Plan name: Response to Flood in Mongolia
17-Nov-23 10:51:25 - INFO - Plan name: Response to Flood in Mongolia
17-Nov-23 10:51:27 - INFO - Plan name: Response to Flood in Mongolia
17-Nov-23 10:54:32 - INFO - Plan name: Response to Flood in Mongolia
17-Nov-23 10:54:32 - INFO - New plan is created. Plan id: 5
17-Nov-23 10:54:32 - INFO - Associated camp no: 7
17-Nov-23 12:15:29 - INFO - New plan is created. Plan id: 6
17-Nov-23 12:15:29 - INFO - Associated camp no: 8
17-Nov-23 12:16:08 - INFO - New plan is created. Plan id: 7
17-Nov-23 12:16:08 - INFO - Associated camp no: 9
17-Nov-23 12:16:12 - INFO - New plan is created. Plan id: 8
17-Nov-23 12:16:12 - INFO - Associated camp no: 10
17-Nov-23 12:19:40 - INFO - New plan is created. Plan id: nan
17-Nov-23 12:26:42 - INFO - Plan name: 3
17-Nov-23 12:26:44 - INFO - New plan is created. Plan id: 6
17-Nov-23 12:26:44 - INFO - Associated camp no: 8
17-Nov-23 12:36:34 - INFO - New plan is created. Plan id: nan
17-Nov-23 12:43:48 - INFO - New plan is created. Plan id: nan
17-Nov-23 12:44:15 - INFO - New plan is created. Plan id: 6
17-Nov-23 12:45:17 - INFO - New plan is created. Plan id: 6
17-Nov-23 12:45:42 - INFO - New plan is created. Plan id: 6
17-Nov-23 12:47:12 - INFO - New plan is created. Plan id: 6
17-Nov-23 12:47:12 - INFO - Associated camp no: 8
17-Nov-23 12:47:27 - INFO - Plan name: Response to flood in Vietnam
17-Nov-23 12:47:27 - INFO - New plan is created. Plan id: 7
17-Nov-23 12:47:27 - INFO - Associated camp no: 9
17-Nov-23 13:14:53 - INFO - Plan name: 3
17-Nov-23 13:15:19 - INFO - Plan name: 3
17-Nov-23 13:15:43 - INFO - Plan name: qaaa
17-Nov-23 13:15:54 - INFO - Plan name: qaaa
17-Nov-23 13:16:32 - INFO - Plan name: Response to Flood in Indonesia
17-Nov-23 13:16:49 - INFO - Plan name: Response to Flood in Indonesia
17-Nov-23 13:16:59 - INFO - Plan name: Response to Flood in Indonesia
17-Nov-23 13:17:25 - INFO - Plan name: Response to Flood in Indonesia
17-Nov-23 13:17:25 - INFO - New plan is created. Plan id: 8
17-Nov-23 13:17:25 - INFO - Associated camp no: 10
17-Nov-23 13:20:55 - INFO - Plan name: Response to Flood in Indonesia
17-Nov-23 13:21:01 - INFO - Plan name: Response to Flood in Indonesia
17-Nov-23 13:21:06 - INFO - Plan name: Response to Flood in Indonesia
17-Nov-23 13:21:18 - INFO - Plan name: Response to Flood in Indonesia
17-Nov-23 13:22:16 - INFO - Plan name: Response to Flood in Indonesia
17-Nov-23 13:22:19 - INFO - Plan name: Response to Flood in Indonesia
17-Nov-23 13:23:02 - INFO - Plan name: Response to Flood in Indonesia
17-Nov-23 13:23:08 - INFO - Plan name: Response to Flood in Indonesia
17-Nov-23 13:23:13 - INFO - Plan name: Response to Flood in Indonesia
17-Nov-23 13:23:24 - INFO - Plan name: Response to Flood in Indonesia
17-Nov-23 13:23:30 - INFO - Plan name: Response to Flood in Indonesia
17-Nov-23 13:23:30 - INFO - New plan is created. Plan id: 6
17-Nov-23 13:23:30 - INFO - Associated camp no: 8,9
17-Nov-23 13:38:14 - INFO - Plan name: Response to Flood in Japan
17-Nov-23 13:38:27 - INFO - Plan name: Response to Flood in Japan
17-Nov-23 13:38:42 - INFO - Plan name: Response to Flood in Japan
17-Nov-23 13:38:42 - INFO - New plan is created. Plan id: 7
17-Nov-23 13:38:42 - INFO - Associated camp no: 10,11
18-Nov-23 22:47:07 - INFO - Plan name: Response to Flood in Qatar
18-Nov-23 22:47:13 - INFO - Plan name: Response to Flood in Qatar
18-Nov-23 22:47:26 - INFO - Plan name: Response to Flood in Qatar
19-Nov-23 12:34:02 - INFO - Plan name: Response to Hawaii Wildfire
19-Nov-23 12:34:22 - INFO - Plan name: Response to Hawaii Wildfire
19-Nov-23 12:34:31 - INFO - Plan name: Response to Hawaii Wildfire
19-Nov-23 12:34:48 - INFO - Plan name: Response to Hawaii Wildfire
19-Nov-23 12:34:48 - INFO - New plan is created. Plan id: 8
19-Nov-23 12:34:48 - INFO - Associated camp no: 12,13
19-Nov-23 12:42:06 - INFO - Plan name: Response to earthquake in Turkey
19-Nov-23 12:42:13 - INFO - New plan is created. Plan id: 9
19-Nov-23 12:42:13 - INFO - Associated camp no: 14,15,16
